{
  "stats": {
    "suites": 1,
    "tests": 1,
    "passes": 1,
    "pending": 0,
    "failures": 0,
    "start": "2022-10-08T14:20:05.215Z",
    "end": "2022-10-08T14:20:35.550Z",
    "duration": 30335,
    "testsRegistered": 1,
    "passPercent": 100,
    "pendingPercent": 0,
    "other": 0,
    "hasOther": false,
    "skipped": 0,
    "hasSkipped": false
  },
  "results": [
    {
      "uuid": "50a61463-73ed-4b3a-8e46-3b7935df5d90",
      "title": "",
      "fullFile": "cypress\\integration\\Locators-oct.js",
      "file": "cypress\\integration\\Locators-oct.js",
      "beforeHooks": [],
      "afterHooks": [],
      "tests": [],
      "suites": [
        {
          "uuid": "45f541ad-cea5-40d6-9177-fff8e2ca18ed",
          "title": "To open the google",
          "fullFile": "",
          "file": "",
          "beforeHooks": [],
          "afterHooks": [],
          "tests": [
            {
              "title": "Enter the text into the textbox",
              "fullTitle": "To open the google Enter the text into the textbox",
              "timedOut": null,
              "duration": 20739,
              "state": "passed",
              "speed": "slow",
              "pass": true,
              "fail": false,
              "pending": false,
              "context": null,
              "code": "cy.visit(\"https://www.google.com\");",
              "err": {},
              "uuid": "6a91a94e-06b1-43ee-989b-f582b5b7da72",
              "parentUUID": "45f541ad-cea5-40d6-9177-fff8e2ca18ed",
              "isHook": false,
              "skipped": false
            }
          ],
          "suites": [],
          "passes": [
            "6a91a94e-06b1-43ee-989b-f582b5b7da72"
          ],
          "failures": [],
          "pending": [],
          "skipped": [],
          "duration": 20739,
          "root": false,
          "rootEmpty": false,
          "_timeout": 2000
        }
      ],
      "passes": [],
      "failures": [],
      "pending": [],
      "skipped": [],
      "duration": 0,
      "root": true,
      "rootEmpty": true,
      "_timeout": 2000
    }
  ],
  "meta": {
    "mocha": {
      "version": "7.0.1"
    },
    "mochawesome": {
      "options": {
        "quiet": false,
        "reportFilename": "mochawesome",
        "saveHtml": true,
        "saveJson": true,
        "consoleReporter": "spec",
        "useInlineDiffs": false,
        "code": true
      },
      "version": "7.1.3"
    },
    "marge": {
      "options": null,
      "version": "6.2.0"
    }
  }
}