{
  "stats": {
    "suites": 1,
    "tests": 1,
    "passes": 0,
    "pending": 0,
    "failures": 1,
    "start": "2022-10-12T04:21:28.656Z",
    "end": "2022-10-12T04:21:57.362Z",
    "duration": 28706,
    "testsRegistered": 1,
    "passPercent": 0,
    "pendingPercent": 0,
    "other": 0,
    "hasOther": false,
    "skipped": 0,
    "hasSkipped": false
  },
  "results": [
    {
      "uuid": "357ac8f6-a5a9-4215-a9f2-d9b64bf0841e",
      "title": "",
      "fullFile": "cypress\\integration\\Handlingchildtab1.js",
      "file": "cypress\\integration\\Handlingchildtab1.js",
      "beforeHooks": [],
      "afterHooks": [],
      "tests": [],
      "suites": [
        {
          "uuid": "d5643d72-c2e9-4f3b-ac90-f021c2915e7b",
          "title": "Open AirIndia website and verify the child tab functionality",
          "fullFile": "",
          "file": "",
          "beforeHooks": [],
          "afterHooks": [],
          "tests": [
            {
              "title": "Verify child tab using cypress automation tool",
              "fullTitle": "Open AirIndia website and verify the child tab functionality Verify child tab using cypress automation tool",
              "timedOut": null,
              "duration": 24942,
              "state": "failed",
              "speed": null,
              "pass": false,
              "fail": true,
              "pending": false,
              "context": null,
              "code": "cy.visit(\"www.airindia.in\"); // cy.contains(\"Login\").invoke('removeAtrr','target').click()\ncy.get('.d-flex.my-2.my-lg-0 .tata-brand').invoke('removeAttr', 'target').click();\ncy.contains('Watch Film').click();",
              "err": {
                "message": "CypressError: Cypress detected a cross origin error happened on page load:\n\n  > Blocked a frame with origin \"https://www.airindia.in\" from accessing a cross-origin frame.\n\nBefore the page load, you were bound to the origin policy:\n\n  > https://airindia.in\n\nA cross origin error happens when your application navigates to a new URL which does not match the origin policy above.\n\nA new URL does not match the origin policy if the 'protocol', 'port' (if specified), and/or 'host' (unless of the same superdomain) are different.\n\nCypress does not allow you to navigate to a different origin URL within a single test.\n\nYou may need to restructure some of your test code to avoid this problem.\n\nAlternatively you can also disable Chrome Web Security in Chromium-based browsers which will turn off this restriction by setting { chromeWebSecurity: false } in `cypress.config.js`.\n\nhttps://on.cypress.io/cross-origin-violation",
                "estack": "CypressError: Cypress detected a cross origin error happened on page load:\n\n  > Blocked a frame with origin \"https://www.airindia.in\" from accessing a cross-origin frame.\n\nBefore the page load, you were bound to the origin policy:\n\n  > https://airindia.in\n\nA cross origin error happens when your application navigates to a new URL which does not match the origin policy above.\n\nA new URL does not match the origin policy if the 'protocol', 'port' (if specified), and/or 'host' (unless of the same superdomain) are different.\n\nCypress does not allow you to navigate to a different origin URL within a single test.\n\nYou may need to restructure some of your test code to avoid this problem.\n\nAlternatively you can also disable Chrome Web Security in Chromium-based browsers which will turn off this restriction by setting { chromeWebSecurity: false } in `cypress.config.js`.\n\nhttps://on.cypress.io/cross-origin-violation\n    at onPageLoadErr (https://www.airindia.in/__cypress/runner/cypress_runner.js:156068:76)\n    at HTMLIFrameElement.<anonymous> (https://www.airindia.in/__cypress/runner/cypress_runner.js:171864:15)\n    at HTMLIFrameElement.dispatch (https://www.airindia.in/__cypress/runner/cypress_runner.js:110232:27)\n    at HTMLIFrameElement.elemData.handle (https://www.airindia.in/__cypress/runner/cypress_runner.js:110040:28)\nFrom Your Spec Code:\n    at Context.eval (https://www.airindia.in/__cypress/tests?p=cypress\\integration\\Handlingchildtab1.js:13:8)",
                "diff": null
              },
              "uuid": "c38f1d9f-c7b0-4a54-a772-80529d1801a8",
              "parentUUID": "d5643d72-c2e9-4f3b-ac90-f021c2915e7b",
              "isHook": false,
              "skipped": false
            }
          ],
          "suites": [],
          "passes": [],
          "failures": [
            "c38f1d9f-c7b0-4a54-a772-80529d1801a8"
          ],
          "pending": [],
          "skipped": [],
          "duration": 24942,
          "root": false,
          "rootEmpty": false,
          "_timeout": 2000
        }
      ],
      "passes": [],
      "failures": [],
      "pending": [],
      "skipped": [],
      "duration": 0,
      "root": true,
      "rootEmpty": true,
      "_timeout": 2000
    }
  ],
  "meta": {
    "mocha": {
      "version": "7.0.1"
    },
    "mochawesome": {
      "options": {
        "quiet": false,
        "reportFilename": "mochawesome",
        "saveHtml": true,
        "saveJson": true,
        "consoleReporter": "spec",
        "useInlineDiffs": false,
        "code": true
      },
      "version": "7.1.3"
    },
    "marge": {
      "options": null,
      "version": "6.2.0"
    }
  }
}